2022/05/11 23:47:14 timerService.go:11: timer cron start ...
2022/05/11 23:47:24 group.go:20: get user by 0x1111
2022/05/13 19:33:45 timerService.go:11: timer cron start ...
2022/05/13 19:36:36 timerService.go:11: timer cron start ...
2022/05/14 11:10:21 timerService.go:11: timer cron start ...
2022/05/14 11:11:37 timerService.go:11: timer cron start ...
2022/05/14 11:17:21 timerService.go:11: timer cron start ...
2022/05/14 11:18:21 timerService.go:11: timer cron start ...
2022/05/14 11:18:47 tHashRedis.go:11: there is no tradeHash in redis
2022/05/14 11:18:47 fontService.go:192: verify pass ,begin transfer to 0x5dB37b3D56C707d1f9830FA9dc473Ef0dCb4D3E0
2022/05/14 11:18:47 fontService.go:195: verify pass ,begin transfer to 0x5dB37b3D56C707d1f9830FA9dc473Ef0dCb4D3E0 , 0
2022/05/14 11:21:07 timerService.go:11: timer cron start ...
2022/05/14 11:21:25 fontService.go:192: verify pass ,begin transfer to 0x5dB37b3D56C707d1f9830FA9dc473Ef0dCb4D3E0
2022/05/14 11:21:25 fontService.go:195: verify pass ,begin transfer to 0x5dB37b3D56C707d1f9830FA9dc473Ef0dCb4D3E0 , 1000000020
2022/05/14 11:21:25 ethService.go:154: begin transfer to :0x5dB37b3D56C707d1f9830FA9dc473Ef0dCb4D3E0 :1000000020
2022/05/14 11:21:25 ethService.go:48: invalid hex character 'x' in private key
2022/05/14 11:29:43 timerService.go:11: timer cron start ...
2022/05/14 11:30:31 timerService.go:11: timer cron start ...
2022/05/14 11:30:34 fontService.go:192: verify pass ,begin transfer to 0x5dB37b3D56C707d1f9830FA9dc473Ef0dCb4D3E0
2022/05/14 11:30:34 fontService.go:195: verify pass ,begin transfer to 0x5dB37b3D56C707d1f9830FA9dc473Ef0dCb4D3E0 , 1000000020
2022/05/14 11:30:34 ethService.go:154: begin transfer to :0x5dB37b3D56C707d1f9830FA9dc473Ef0dCb4D3E0 :1000000020
2022/05/14 11:30:34 ethService.go:48: invalid hex character 'x' in private key
2022/05/14 11:31:30 timerService.go:11: timer cron start ...
2022/05/14 11:31:35 fontService.go:192: verify pass ,begin transfer to 0x5dB37b3D56C707d1f9830FA9dc473Ef0dCb4D3E0
2022/05/14 11:31:36 fontService.go:195: verify pass ,begin transfer to 0x5dB37b3D56C707d1f9830FA9dc473Ef0dCb4D3E0 , 1000000020
2022/05/14 11:31:36 ethService.go:154: begin transfer to :0x5dB37b3D56C707d1f9830FA9dc473Ef0dCb4D3E0 :1000000020
2022/05/14 11:31:36 ethService.go:48: invalid length, need 256 bits
2022/05/14 11:33:10 timerService.go:11: timer cron start ...
2022/05/14 11:33:13 fontService.go:192: verify pass ,begin transfer to 0x5dB37b3D56C707d1f9830FA9dc473Ef0dCb4D3E0
2022/05/14 11:33:14 fontService.go:195: verify pass ,begin transfer to 0x5dB37b3D56C707d1f9830FA9dc473Ef0dCb4D3E0 , 1000000020
2022/05/14 11:33:14 ethService.go:154: begin transfer to :0x5dB37b3D56C707d1f9830FA9dc473Ef0dCb4D3E0 :1000000020
2022/05/14 11:34:03 timerService.go:11: timer cron start ...
2022/05/14 11:34:14 fontService.go:192: verify pass ,begin transfer to 0x5dB37b3D56C707d1f9830FA9dc473Ef0dCb4D3E0
2022/05/14 11:34:14 fontService.go:195: verify pass ,begin transfer to 0x5dB37b3D56C707d1f9830FA9dc473Ef0dCb4D3E0 , 1000000020
2022/05/14 11:34:14 ethService.go:154: begin transfer to :0x5dB37b3D56C707d1f9830FA9dc473Ef0dCb4D3E0 :1000000020
2022/05/14 11:35:18 fontService.go:192: verify pass ,begin transfer to 0x5dB37b3D56C707d1f9830FA9dc473Ef0dCb4D3E0
2022/05/14 11:35:18 fontService.go:195: verify pass ,begin transfer to 0x5dB37b3D56C707d1f9830FA9dc473Ef0dCb4D3E0 , 100000
2022/05/14 11:35:18 ethService.go:154: begin transfer to :0x5dB37b3D56C707d1f9830FA9dc473Ef0dCb4D3E0 :100000
2022/05/14 11:35:47 fontService.go:192: verify pass ,begin transfer to 0x5dB37b3D56C707d1f9830FA9dc473Ef0dCb4D3E0
2022/05/14 11:35:47 fontService.go:195: verify pass ,begin transfer to 0x5dB37b3D56C707d1f9830FA9dc473Ef0dCb4D3E0 , 100
2022/05/14 11:35:47 ethService.go:154: begin transfer to :0x5dB37b3D56C707d1f9830FA9dc473Ef0dCb4D3E0 :100
2022/05/14 11:37:10 timerService.go:11: timer cron start ...
2022/05/14 11:37:25 fontService.go:192: verify pass ,begin transfer to 0x5dB37b3D56C707d1f9830FA9dc473Ef0dCb4D3E0
2022/05/14 11:37:25 fontService.go:195: verify pass ,begin transfer to 0x5dB37b3D56C707d1f9830FA9dc473Ef0dCb4D3E0 , 100
2022/05/14 11:37:25 ethService.go:154: begin transfer to :0x5dB37b3D56C707d1f9830FA9dc473Ef0dCb4D3E0 :100
2022/05/14 11:38:33 timerService.go:11: timer cron start ...
2022/05/14 11:38:38 fontService.go:192: verify pass ,begin transfer to 0x5dB37b3D56C707d1f9830FA9dc473Ef0dCb4D3E0
2022/05/14 11:38:38 fontService.go:195: verify pass ,begin transfer to 0x5dB37b3D56C707d1f9830FA9dc473Ef0dCb4D3E0 , 100
2022/05/14 11:38:38 ethService.go:154: begin transfer to :0x5dB37b3D56C707d1f9830FA9dc473Ef0dCb4D3E0 :100
2022/05/14 11:41:45 timerService.go:11: timer cron start ...
2022/05/14 11:41:48 fontService.go:192: verify pass ,begin transfer to 0x5dB37b3D56C707d1f9830FA9dc473Ef0dCb4D3E0
2022/05/14 11:41:48 fontService.go:195: verify pass ,begin transfer to 0x5dB37b3D56C707d1f9830FA9dc473Ef0dCb4D3E0 , 100
2022/05/14 11:41:48 ethService.go:154: begin transfer to :0x5dB37b3D56C707d1f9830FA9dc473Ef0dCb4D3E0 :100
2022/05/14 11:45:03 timerService.go:11: timer cron start ...
2022/05/14 11:45:07 fontService.go:192: verify pass ,begin transfer to 0x5dB37b3D56C707d1f9830FA9dc473Ef0dCb4D3E0
2022/05/14 11:45:07 fontService.go:195: verify pass ,begin transfer to 0x5dB37b3D56C707d1f9830FA9dc473Ef0dCb4D3E0 , 100
2022/05/14 11:45:07 ethService.go:154: begin transfer to :0x5dB37b3D56C707d1f9830FA9dc473Ef0dCb4D3E0 :100
2022/05/14 11:46:29 fontService.go:192: verify pass ,begin transfer to 0x5dB37b3D56C707d1f9830FA9dc473Ef0dCb4D3E0
2022/05/14 11:46:29 fontService.go:195: verify pass ,begin transfer to 0x5dB37b3D56C707d1f9830FA9dc473Ef0dCb4D3E0 , 100
2022/05/14 11:46:29 ethService.go:154: begin transfer to :0x5dB37b3D56C707d1f9830FA9dc473Ef0dCb4D3E0 :200
2022/05/14 11:46:46 fontService.go:192: verify pass ,begin transfer to 0x5dB37b3D56C707d1f9830FA9dc473Ef0dCb4D3E0
2022/05/14 11:46:46 fontService.go:195: verify pass ,begin transfer to 0x5dB37b3D56C707d1f9830FA9dc473Ef0dCb4D3E0 , 100
2022/05/14 11:46:46 ethService.go:154: begin transfer to :0x5dB37b3D56C707d1f9830FA9dc473Ef0dCb4D3E0 :200
2022/05/14 12:07:50 timerService.go:11: timer cron start ...
2022/05/14 12:07:56 fontService.go:192: verify pass ,begin transfer to 0x5dB37b3D56C707d1f9830FA9dc473Ef0dCb4D3E0
2022/05/14 12:07:56 fontService.go:195: verify pass ,begin transfer to 0x5dB37b3D56C707d1f9830FA9dc473Ef0dCb4D3E0 , 100
2022/05/14 12:07:56 ethService.go:154: begin transfer to :0x5dB37b3D56C707d1f9830FA9dc473Ef0dCb4D3E0 :200
2022/05/14 12:07:57 sql.go:220: update address: %s cash 0x5dB37b3D56C707d1f9830FA9dc473Ef0dCb4D3E0
2022/05/14 12:09:22 fontService.go:192: verify pass ,begin transfer to 0x5dB37b3D56C707d1f9830FA9dc473Ef0dCb4D3E0
2022/05/14 12:09:22 fontService.go:195: verify pass ,begin transfer to 0x5dB37b3D56C707d1f9830FA9dc473Ef0dCb4D3E0 , 1000000000000000
2022/05/14 12:09:22 ethService.go:154: begin transfer to :0x5dB37b3D56C707d1f9830FA9dc473Ef0dCb4D3E0 :1010000000000000
2022/05/14 12:09:42 fontService.go:192: verify pass ,begin transfer to 0x5dB37b3D56C707d1f9830FA9dc473Ef0dCb4D3E0
2022/05/14 12:09:42 fontService.go:195: verify pass ,begin transfer to 0x5dB37b3D56C707d1f9830FA9dc473Ef0dCb4D3E0 , 10000000000000
2022/05/14 12:09:42 ethService.go:154: begin transfer to :0x5dB37b3D56C707d1f9830FA9dc473Ef0dCb4D3E0 :20000000000000
2022/05/14 12:10:26 fontService.go:192: verify pass ,begin transfer to 0x5dB37b3D56C707d1f9830FA9dc473Ef0dCb4D3E0
2022/05/14 12:10:26 fontService.go:195: verify pass ,begin transfer to 0x5dB37b3D56C707d1f9830FA9dc473Ef0dCb4D3E0 , 10000000000000
2022/05/14 12:10:26 ethService.go:154: begin transfer to :0x5dB37b3D56C707d1f9830FA9dc473Ef0dCb4D3E0 :20000000000000
2022/05/14 12:11:05 fontService.go:192: verify pass ,begin transfer to 0x5dB37b3D56C707d1f9830FA9dc473Ef0dCb4D3E0
2022/05/14 12:11:05 fontService.go:195: verify pass ,begin transfer to 0x5dB37b3D56C707d1f9830FA9dc473Ef0dCb4D3E0 , 10000000000
2022/05/14 12:11:05 ethService.go:154: begin transfer to :0x5dB37b3D56C707d1f9830FA9dc473Ef0dCb4D3E0 :20000000000
2022/05/14 12:11:07 sql.go:220: update address: %s cash 0x5dB37b3D56C707d1f9830FA9dc473Ef0dCb4D3E0
2022/05/14 12:15:31 timerService.go:11: timer cron start ...
2022/05/14 12:15:40 fontService.go:192: verify pass ,begin transfer to 0x5dB37b3D56C707d1f9830FA9dc473Ef0dCb4D3E0
2022/05/14 12:15:40 fontService.go:195: verify pass ,begin transfer to 0x5dB37b3D56C707d1f9830FA9dc473Ef0dCb4D3E0 , 1000000000
2022/05/14 12:15:40 ethService.go:154: begin transfer to :0x5dB37b3D56C707d1f9830FA9dc473Ef0dCb4D3E0 :2000000000
2022/05/14 12:15:41 sql.go:220: update address: %s cash 0x5dB37b3D56C707d1f9830FA9dc473Ef0dCb4D3E0
2022/05/14 12:18:37 fontService.go:192: verify pass ,begin transfer to 0x5dB37b3D56C707d1f9830FA9dc473Ef0dCb4D3E0
2022/05/14 12:18:37 fontService.go:195: verify pass ,begin transfer to 0x5dB37b3D56C707d1f9830FA9dc473Ef0dCb4D3E0 , 10000
2022/05/14 12:18:37 ethService.go:154: begin transfer to :0x5dB37b3D56C707d1f9830FA9dc473Ef0dCb4D3E0 :20000
2022/05/14 12:18:38 sql.go:220: update address: %s cash 0x5dB37b3D56C707d1f9830FA9dc473Ef0dCb4D3E0
2022/05/14 12:22:23 timerService.go:11: timer cron start ...
2022/05/14 12:22:33 fontService.go:192: verify pass ,begin transfer to 0x5dB37b3D56C707d1f9830FA9dc473Ef0dCb4D3E0
2022/05/14 12:22:33 fontService.go:195: verify pass ,begin transfer to 0x5dB37b3D56C707d1f9830FA9dc473Ef0dCb4D3E0 , 10000
2022/05/14 12:22:33 ethService.go:154: begin transfer to :0x5dB37b3D56C707d1f9830FA9dc473Ef0dCb4D3E0 :20000
2022/05/14 12:22:34 sql.go:220: update address: %s cash 0x5dB37b3D56C707d1f9830FA9dc473Ef0dCb4D3E0
2022/05/14 12:40:16 timerService.go:11: timer cron start ...
2022/05/14 12:40:25 fontService.go:192: verify pass ,begin transfer to 0x5dB37b3D56C707d1f9830FA9dc473Ef0dCb4D3E0
2022/05/14 12:40:25 fontService.go:195: verify pass ,begin transfer to 0x5dB37b3D56C707d1f9830FA9dc473Ef0dCb4D3E0 , 10000
2022/05/14 12:40:25 ethService.go:155: begin transfer to :0x5dB37b3D56C707d1f9830FA9dc473Ef0dCb4D3E0 :20000
2022/05/14 12:40:26 sql.go:220: update address: %s cash 0x5dB37b3D56C707d1f9830FA9dc473Ef0dCb4D3E0
2022/05/14 12:44:05 timerService.go:11: timer cron start ...
2022/05/14 12:44:20 fontService.go:192: verify pass ,begin transfer to 0x5dB37b3D56C707d1f9830FA9dc473Ef0dCb4D3E0
2022/05/14 12:44:20 fontService.go:195: verify pass ,begin transfer to 0x5dB37b3D56C707d1f9830FA9dc473Ef0dCb4D3E0 , 10000
2022/05/14 12:44:20 ethService.go:155: begin transfer to :0x5dB37b3D56C707d1f9830FA9dc473Ef0dCb4D3E0 :20000
2022/05/14 12:44:21 sql.go:220: update address: %s cash 0x5dB37b3D56C707d1f9830FA9dc473Ef0dCb4D3E0
2022/05/14 12:45:02 timerService.go:11: timer cron start ...
2022/05/14 12:45:09 fontService.go:192: verify pass ,begin transfer to 0x5dB37b3D56C707d1f9830FA9dc473Ef0dCb4D3E0
2022/05/14 12:45:09 fontService.go:195: verify pass ,begin transfer to 0x5dB37b3D56C707d1f9830FA9dc473Ef0dCb4D3E0 , 0
2022/05/14 12:45:23 fontService.go:192: verify pass ,begin transfer to 0x5dB37b3D56C707d1f9830FA9dc473Ef0dCb4D3E0
2022/05/14 12:45:23 fontService.go:195: verify pass ,begin transfer to 0x5dB37b3D56C707d1f9830FA9dc473Ef0dCb4D3E0 , 10000
2022/05/14 12:45:23 ethService.go:155: begin transfer to :0x5dB37b3D56C707d1f9830FA9dc473Ef0dCb4D3E0 :20000
2022/05/14 12:45:23 sql.go:220: update address: %s cash 0x5dB37b3D56C707d1f9830FA9dc473Ef0dCb4D3E0
2022/05/14 13:17:46 timerService.go:11: timer cron start ...
2022/05/14 13:17:52 fontService.go:192: verify pass ,begin transfer to 0x5dB37b3D56C707d1f9830FA9dc473Ef0dCb4D3E0
2022/05/14 13:17:52 fontService.go:195: verify pass ,begin transfer to 0x5dB37b3D56C707d1f9830FA9dc473Ef0dCb4D3E0 , 10000
2022/05/14 13:17:52 ethService.go:158: begin transfer to :0x5dB37b3D56C707d1f9830FA9dc473Ef0dCb4D3E0 :20000
2022/05/14 13:23:35 timerService.go:11: timer cron start ...
2022/05/14 13:23:40 fontService.go:192: verify pass ,begin transfer to 0x5dB37b3D56C707d1f9830FA9dc473Ef0dCb4D3E0
2022/05/14 13:23:40 fontService.go:195: verify pass ,begin transfer to 0x5dB37b3D56C707d1f9830FA9dc473Ef0dCb4D3E0 , 10000
2022/05/14 13:23:40 ethService.go:158: begin transfer to :0x5dB37b3D56C707d1f9830FA9dc473Ef0dCb4D3E0 :20000
2022/05/14 13:26:23 timerService.go:11: timer cron start ...
2022/05/14 13:26:31 fontService.go:192: verify pass ,begin transfer to 0x5dB37b3D56C707d1f9830FA9dc473Ef0dCb4D3E0
2022/05/14 13:26:31 fontService.go:195: verify pass ,begin transfer to 0x5dB37b3D56C707d1f9830FA9dc473Ef0dCb4D3E0 , 10000
2022/05/14 13:26:31 ethService.go:158: begin transfer to :0x5dB37b3D56C707d1f9830FA9dc473Ef0dCb4D3E0 :20000
2022/05/14 13:26:39 sql.go:220: update address: %s cash 0x5dB37b3D56C707d1f9830FA9dc473Ef0dCb4D3E0
2022/05/14 13:28:00 fontService.go:192: verify pass ,begin transfer to 0x5dB37b3D56C707d1f9830FA9dc473Ef0dCb4D3E0
2022/05/14 13:28:00 fontService.go:195: verify pass ,begin transfer to 0x5dB37b3D56C707d1f9830FA9dc473Ef0dCb4D3E0 , 10000
2022/05/14 13:28:00 ethService.go:158: begin transfer to :0x5dB37b3D56C707d1f9830FA9dc473Ef0dCb4D3E0 :20000
2022/05/14 13:28:08 sql.go:220: update address: %s cash 0x5dB37b3D56C707d1f9830FA9dc473Ef0dCb4D3E0
2022/05/14 13:33:55 tHashRedis.go:22: write into redis fail :write tcp 192.168.1.2:53827->120.24.176.228:6379: use of closed network connection
2022/05/14 13:33:55 fontService.go:192: verify pass ,begin transfer to 0x5dB37b3D56C707d1f9830FA9dc473Ef0dCb4D3E0
2022/05/14 13:33:55 fontService.go:195: verify pass ,begin transfer to 0x5dB37b3D56C707d1f9830FA9dc473Ef0dCb4D3E0 , 1000000000000
2022/05/14 13:33:55 ethService.go:158: begin transfer to :0x5dB37b3D56C707d1f9830FA9dc473Ef0dCb4D3E0 :1000000010000
2022/05/14 13:34:04 sql.go:220: update address: %s cash 0x5dB37b3D56C707d1f9830FA9dc473Ef0dCb4D3E0
2022/05/14 13:36:31 tHashRedis.go:22: write into redis fail :write tcp 192.168.1.2:53827->120.24.176.228:6379: use of closed network connection
2022/05/14 13:36:31 fontService.go:192: verify pass ,begin transfer to 0x5dB37b3D56C707d1f9830FA9dc473Ef0dCb4D3E0
2022/05/14 13:36:31 fontService.go:195: verify pass ,begin transfer to 0x5dB37b3D56C707d1f9830FA9dc473Ef0dCb4D3E0 , 0
2022/05/14 13:36:53 tHashRedis.go:22: write into redis fail :write tcp 192.168.1.2:53827->120.24.176.228:6379: use of closed network connection
2022/05/14 13:36:53 fontService.go:192: verify pass ,begin transfer to 0x5dB37b3D56C707d1f9830FA9dc473Ef0dCb4D3E0
2022/05/14 13:36:53 fontService.go:195: verify pass ,begin transfer to 0x5dB37b3D56C707d1f9830FA9dc473Ef0dCb4D3E0 , 1000000000000
2022/05/14 13:36:53 ethService.go:158: begin transfer to :0x5dB37b3D56C707d1f9830FA9dc473Ef0dCb4D3E0 :1000000000000
2022/05/14 13:37:26 tHashRedis.go:22: write into redis fail :write tcp 192.168.1.2:53827->120.24.176.228:6379: use of closed network connection
2022/05/14 13:37:26 fontService.go:192: verify pass ,begin transfer to 0x5dB37b3D56C707d1f9830FA9dc473Ef0dCb4D3E0
2022/05/14 13:37:26 fontService.go:195: verify pass ,begin transfer to 0x5dB37b3D56C707d1f9830FA9dc473Ef0dCb4D3E0 , 1000000000000
2022/05/14 13:37:26 ethService.go:158: begin transfer to :0x5dB37b3D56C707d1f9830FA9dc473Ef0dCb4D3E0 :2000000000000
2022/05/14 13:37:59 tHashRedis.go:22: write into redis fail :write tcp 192.168.1.2:53827->120.24.176.228:6379: use of closed network connection
2022/05/14 13:37:59 fontService.go:192: verify pass ,begin transfer to 0x5dB37b3D56C707d1f9830FA9dc473Ef0dCb4D3E0
2022/05/14 13:37:59 fontService.go:195: verify pass ,begin transfer to 0x5dB37b3D56C707d1f9830FA9dc473Ef0dCb4D3E0 , 1000000000000
2022/05/14 13:37:59 ethService.go:158: begin transfer to :0x5dB37b3D56C707d1f9830FA9dc473Ef0dCb4D3E0 :1000000100000
2022/05/14 13:38:05 sql.go:220: update address: %s cash 0x5dB37b3D56C707d1f9830FA9dc473Ef0dCb4D3E0
2022/05/14 13:43:48 group.go:108: set time 
2022/05/14 13:43:49 sql.go:228: update everday todayamount...
2022/05/14 13:43:49 sql.go:27: change fundamount :0
2022/05/14 13:44:06 group.go:108: set time 
2022/05/14 13:44:06 sql.go:228: update everday todayamount...
2022/05/14 13:44:07 sql.go:27: change fundamount :0
2022/05/14 13:46:25 group.go:108: set time 
2022/05/14 13:46:25 sql.go:228: update everday todayamount...
2022/05/14 13:46:26 sql.go:27: change fundamount :0
2022/05/14 13:49:56 timerService.go:12: timer cron start ...
2022/05/14 13:50:03 group.go:108: set time 
2022/05/14 13:50:04 sql.go:228: update everday todayamount...
2022/05/14 13:50:04 sql.go:27: change fundamount :0
2022/05/14 13:51:19 group.go:108: set time 
2022/05/14 13:51:19 sql.go:228: update everday todayamount...
2022/05/14 13:51:20 sql.go:27: change fundamount :0
2022/05/14 13:52:34 group.go:108: set time 
2022/05/14 13:52:35 sql.go:228: update everday todayamount...
2022/05/14 13:52:35 sql.go:27: change fundamount :0
2022/05/14 13:53:35 group.go:108: set time 
2022/05/14 13:53:35 sql.go:228: update everday todayamount...
2022/05/14 13:53:35 sql.go:27: change fundamount :0
2022/05/14 13:53:39 group.go:108: set time 
2022/05/14 13:53:40 sql.go:228: update everday todayamount...
2022/05/14 13:53:40 sql.go:27: change fundamount :0
2022/05/14 13:53:41 group.go:108: set time 
2022/05/14 13:53:42 sql.go:228: update everday todayamount...
2022/05/14 13:53:42 sql.go:27: change fundamount :0
2022/05/14 13:53:50 group.go:108: set time 
2022/05/14 13:53:50 sql.go:228: update everday todayamount...
2022/05/14 13:53:50 sql.go:27: change fundamount :0
2022/05/14 13:53:58 group.go:108: set time 
2022/05/14 13:53:58 sql.go:228: update everday todayamount...
2022/05/14 13:53:59 sql.go:27: change fundamount :0
2022/05/14 13:53:59 group.go:108: set time 
2022/05/14 13:53:59 sql.go:228: update everday todayamount...
2022/05/14 13:53:59 sql.go:27: change fundamount :0
2022/05/14 13:53:59 group.go:108: set time 
2022/05/14 13:54:00 sql.go:228: update everday todayamount...
2022/05/14 13:54:00 sql.go:27: change fundamount :0
2022/05/14 13:54:00 group.go:108: set time 
2022/05/14 13:54:01 sql.go:228: update everday todayamount...
2022/05/14 13:54:01 sql.go:27: change fundamount :0
2022/05/14 13:54:01 group.go:108: set time 
2022/05/14 13:54:01 sql.go:228: update everday todayamount...
2022/05/14 13:54:02 sql.go:27: change fundamount :0
2022/05/14 13:54:02 group.go:108: set time 
2022/05/14 13:54:02 sql.go:228: update everday todayamount...
2022/05/14 13:54:03 sql.go:27: change fundamount :0
2022/05/14 14:16:05 tHashRedis.go:22: write into redis fail :write tcp 192.168.1.2:54065->120.24.176.228:6379: use of closed network connection
2022/05/14 14:16:05 fontService.go:119: update address:0x5dB37b3D56C707d1f9830FA9dc473Ef0dCb4D3E0 fund 1
2022/05/14 14:16:05 sql.go:163: update address:0x5dB37b3D56C707d1f9830FA9dc473Ef0dCb4D3E0 fund increase:1 
2022/05/14 14:16:05 sql.go:151: Error 1054: Unknown column 'crate_time' in 'field list'
2022/05/14 14:16:05 sql.go:153: crate order uid:10 amount:100.000000 trade:0xf5ffb90ef0f0ff404cca2c8e1e0a152526c440174df9ca7ba2c035dfb50f4e60 type:2 by invest
2022/05/14 14:16:39 tHashRedis.go:22: write into redis fail :write tcp 192.168.1.2:54065->120.24.176.228:6379: use of closed network connection
2022/05/14 14:17:17 tHashRedis.go:22: write into redis fail :write tcp 192.168.1.2:54065->120.24.176.228:6379: use of closed network connection
2022/05/14 14:18:45 tHashRedis.go:22: write into redis fail :write tcp 192.168.1.2:54065->120.24.176.228:6379: use of closed network connection
2022/05/14 14:18:45 fontService.go:119: update address:0x5dB37b3D56C707d1f9830FA9dc473Ef0dCb4D3E0 fund 1
2022/05/14 14:18:45 sql.go:163: update address:0x5dB37b3D56C707d1f9830FA9dc473Ef0dCb4D3E0 fund increase:1 
2022/05/14 14:18:45 sql.go:151: Error 1054: Unknown column 'crate_time' in 'field list'
2022/05/14 14:18:45 sql.go:153: crate order uid:10 amount:100.000000 trade:0xf5ffb90ef0f0ff404cca2c8e1e0a152526c440174df9ca7ba2c035dfb50f4e60 type:2 by invest
2022/05/14 14:20:52 timerService.go:12: timer cron start ...
2022/05/14 14:21:22 fontService.go:119: update address:0x5dB37b3D56C707d1f9830FA9dc473Ef0dCb4D3E0 fund 1
2022/05/14 14:21:23 sql.go:163: update address:0x5dB37b3D56C707d1f9830FA9dc473Ef0dCb4D3E0 fund increase:1 
2022/05/14 14:21:23 sql.go:153: crate order uid:10 amount:100.000000 trade:0xf5ffb90ef0f0ff404cca2c8e1e0a152526c440174df9ca7ba2c035dfb50f4e60 type:2 by invest
2022/05/14 14:22:43 timerService.go:12: timer cron start ...
2022/05/14 14:23:13 fontService.go:119: update address:0x5dB37b3D56C707d1f9830FA9dc473Ef0dCb4D3E0 fund 1
2022/05/14 14:23:13 sql.go:163: update address:0x5dB37b3D56C707d1f9830FA9dc473Ef0dCb4D3E0 fund increase:1 
2022/05/14 14:23:13 sql.go:153: crate order uid:10 amount:100.000000 trade:0xf5ffb90ef0f0ff404cca2c8e1e0a152526c440174df9ca7ba2c035dfb50f4e60 type:2 by invest
2022/05/14 14:43:17 timerService.go:12: timer cron start ...
2022/05/14 14:44:58 timerService.go:12: timer cron start ...
2022/05/14 14:45:12 fontService.go:192: verify pass ,begin transfer to 0x5dB37b3D56C707d1f9830FA9dc473Ef0dCb4D3E0
2022/05/14 14:45:12 fontService.go:195: verify pass ,begin transfer to 0x5dB37b3D56C707d1f9830FA9dc473Ef0dCb4D3E0 , 440000022
2022/05/14 14:45:12 ethService.go:158: begin transfer to :0x5dB37b3D56C707d1f9830FA9dc473Ef0dCb4D3E0 :440000022
2022/05/14 14:48:06 fontService.go:192: verify pass ,begin transfer to 0x5dB37b3D56C707d1f9830FA9dc473Ef0dCb4D3E0
2022/05/14 14:48:06 fontService.go:195: verify pass ,begin transfer to 0x5dB37b3D56C707d1f9830FA9dc473Ef0dCb4D3E0 , 440000022
2022/05/14 14:48:06 ethService.go:158: begin transfer to :0x5dB37b3D56C707d1f9830FA9dc473Ef0dCb4D3E0 :440000022
2022/05/14 14:50:08 timerService.go:12: timer cron start ...
2022/05/14 14:50:13 fontService.go:192: verify pass ,begin transfer to 0x5dB37b3D56C707d1f9830FA9dc473Ef0dCb4D3E0
2022/05/14 14:50:13 fontService.go:195: verify pass ,begin transfer to 0x5dB37b3D56C707d1f9830FA9dc473Ef0dCb4D3E0 , 440000022
2022/05/14 14:51:05 timerService.go:12: timer cron start ...
2022/05/14 14:51:12 fontService.go:192: verify pass ,begin transfer to 0x5dB37b3D56C707d1f9830FA9dc473Ef0dCb4D3E0
2022/05/14 14:51:12 fontService.go:195: verify pass ,begin transfer to 0x5dB37b3D56C707d1f9830FA9dc473Ef0dCb4D3E0 , 440000022
2022/05/14 14:52:48 fontService.go:192: verify pass ,begin transfer to 0x5dB37b3D56C707d1f9830FA9dc473Ef0dCb4D3E0
2022/05/14 14:52:49 fontService.go:195: verify pass ,begin transfer to 0x5dB37b3D56C707d1f9830FA9dc473Ef0dCb4D3E0 , 440000022
2022/05/14 14:52:53 sql.go:220: update address: %s cash 0x5dB37b3D56C707d1f9830FA9dc473Ef0dCb4D3E0
2022/05/14 15:13:07 tHashRedis.go:22: write into redis fail :write tcp 192.168.1.2:54682->120.24.176.228:6379: use of closed network connection
2022/05/14 15:13:07 fontService.go:192: verify pass ,begin transfer to 0x5dB37b3D56C707d1f9830FA9dc473Ef0dCb4D3E0
2022/05/14 15:13:08 fontService.go:195: verify pass ,begin transfer to 0x5dB37b3D56C707d1f9830FA9dc473Ef0dCb4D3E0 , 10000
2022/05/14 15:13:14 sql.go:220: update address: %s cash 0x5dB37b3D56C707d1f9830FA9dc473Ef0dCb4D3E0
2022/05/14 15:13:37 tHashRedis.go:22: write into redis fail :write tcp 192.168.1.2:54682->120.24.176.228:6379: use of closed network connection
2022/05/14 15:13:37 fontService.go:192: verify pass ,begin transfer to 0x5dB37b3D56C707d1f9830FA9dc473Ef0dCb4D3E0
2022/05/14 15:13:37 fontService.go:195: verify pass ,begin transfer to 0x5dB37b3D56C707d1f9830FA9dc473Ef0dCb4D3E0 , 10000
2022/05/14 15:13:45 sql.go:220: update address: %s cash 0x5dB37b3D56C707d1f9830FA9dc473Ef0dCb4D3E0
2022/05/14 15:17:09 timerService.go:12: timer cron start ...
2022/05/14 15:18:57 timerService.go:12: timer cron start ...
2022/05/14 15:19:04 fontService.go:192: verify pass ,begin transfer to 0x5dB37b3D56C707d1f9830FA9dc473Ef0dCb4D3E0
2022/05/14 15:19:04 fontService.go:195: verify pass ,begin transfer to 0x5dB37b3D56C707d1f9830FA9dc473Ef0dCb4D3E0 , 10000
2022/05/14 15:19:11 sql.go:220: update address: %s cash 0x5dB37b3D56C707d1f9830FA9dc473Ef0dCb4D3E0
2022/05/14 15:29:19 timerService.go:12: timer cron start ...
2022/05/14 15:29:44 fontService.go:192: verify pass ,begin transfer to 0x5dB37b3D56C707d1f9830FA9dc473Ef0dCb4D3E0
2022/05/14 15:29:44 fontService.go:195: verify pass ,begin transfer to 0x5dB37b3D56C707d1f9830FA9dc473Ef0dCb4D3E0 , 1000000
2022/05/14 15:29:50 sql.go:220: update address: %s cash 0x5dB37b3D56C707d1f9830FA9dc473Ef0dCb4D3E0
2022/05/14 15:32:05 fontService.go:192: verify pass ,begin transfer to 0x5dB37b3D56C707d1f9830FA9dc473Ef0dCb4D3E0
2022/05/14 15:32:05 fontService.go:195: verify pass ,begin transfer to 0x5dB37b3D56C707d1f9830FA9dc473Ef0dCb4D3E0 , 1000000
2022/05/14 15:32:12 sql.go:220: update address: %s cash 0x5dB37b3D56C707d1f9830FA9dc473Ef0dCb4D3E0
2022/05/14 15:38:19 tHashRedis.go:22: write into redis fail :write tcp 192.168.1.2:55255->120.24.176.228:6379: use of closed network connection
2022/05/14 15:38:19 fontService.go:192: verify pass ,begin transfer to 0x5dB37b3D56C707d1f9830FA9dc473Ef0dCb4D3E0
2022/05/14 15:38:19 fontService.go:195: verify pass ,begin transfer to 0x5dB37b3D56C707d1f9830FA9dc473Ef0dCb4D3E0 , 1000000
2022/05/14 15:38:24 sql.go:220: update address: %s cash 0x5dB37b3D56C707d1f9830FA9dc473Ef0dCb4D3E0
2022/05/14 15:44:56 timerService.go:12: timer cron start ...
2022/05/14 15:45:08 fontService.go:192: verify pass ,begin transfer to 0x5dB37b3D56C707d1f9830FA9dc473Ef0dCb4D3E0
2022/05/14 15:45:08 fontService.go:195: verify pass ,begin transfer to 0x5dB37b3D56C707d1f9830FA9dc473Ef0dCb4D3E0 , 0
2022/05/14 15:45:45 fontService.go:192: verify pass ,begin transfer to 0x5dB37b3D56C707d1f9830FA9dc473Ef0dCb4D3E0
2022/05/14 15:45:45 fontService.go:195: verify pass ,begin transfer to 0x5dB37b3D56C707d1f9830FA9dc473Ef0dCb4D3E0 , 1000000
2022/05/14 15:45:50 sql.go:220: update address: 0x5dB37b3D56C707d1f9830FA9dc473Ef0dCb4D3E0 cash
2022/05/14 15:46:36 fontService.go:192: verify pass ,begin transfer to 0x5dB37b3D56C707d1f9830FA9dc473Ef0dCb4D3E0
2022/05/14 15:46:36 fontService.go:195: verify pass ,begin transfer to 0x5dB37b3D56C707d1f9830FA9dc473Ef0dCb4D3E0 , 1000000
2022/05/14 15:46:44 sql.go:220: update address: 0x5dB37b3D56C707d1f9830FA9dc473Ef0dCb4D3E0 cash
2022/05/14 15:48:09 timerService.go:12: timer cron start ...
2022/05/14 15:48:24 fontService.go:192: verify pass ,begin transfer to 0x5dB37b3D56C707d1f9830FA9dc473Ef0dCb4D3E0
2022/05/14 15:48:24 fontService.go:195: verify pass ,begin transfer to 0x5dB37b3D56C707d1f9830FA9dc473Ef0dCb4D3E0 , 1000000
2022/05/14 15:48:30 sql.go:220: update address: 0x5dB37b3D56C707d1f9830FA9dc473Ef0dCb4D3E0 cash
2022/05/14 15:50:24 timerService.go:12: timer cron start ...
2022/05/14 15:50:36 timerService.go:12: timer cron start ...
2022/05/14 15:50:44 fontService.go:192: verify pass ,begin transfer to 0x5dB37b3D56C707d1f9830FA9dc473Ef0dCb4D3E0
2022/05/14 15:50:44 fontService.go:195: verify pass ,begin transfer to 0x5dB37b3D56C707d1f9830FA9dc473Ef0dCb4D3E0 , 1000000
2022/05/14 15:50:50 sql.go:220: update address: 0x5dB37b3D56C707d1f9830FA9dc473Ef0dCb4D3E0 cash
2022/05/14 15:51:25 timerService.go:12: timer cron start ...
2022/05/14 15:53:48 fontService.go:192: verify pass ,begin transfer to 0x5dB37b3D56C707d1f9830FA9dc473Ef0dCb4D3E0
2022/05/14 15:53:48 fontService.go:195: verify pass ,begin transfer to 0x5dB37b3D56C707d1f9830FA9dc473Ef0dCb4D3E0 , 1000000
2022/05/14 15:53:54 sql.go:220: update address: 0x5dB37b3D56C707d1f9830FA9dc473Ef0dCb4D3E0 cash
2022/05/14 16:04:19 timerService.go:12: timer cron start ...
2022/05/14 16:04:36 fontService.go:192: verify pass ,begin transfer to 0x5dB37b3D56C707d1f9830FA9dc473Ef0dCb4D3E0
2022/05/14 16:04:36 fontService.go:195: verify pass ,begin transfer to 0x5dB37b3D56C707d1f9830FA9dc473Ef0dCb4D3E0 , 1000000
2022/05/14 16:04:42 sql.go:220: update address: 0x5dB37b3D56C707d1f9830FA9dc473Ef0dCb4D3E0 cash
2022/05/15 09:49:06 timerService.go:12: timer cron start ...
2022/05/15 09:50:57 timerService.go:12: timer cron start ...
2022/05/15 09:51:40 fontService.go:193: verify pass ,begin transfer to 0x5dB37b3D56C707d1f9830FA9dc473Ef0dCb4D3E0 , 59120003
2022/05/15 09:51:47 ethService.go:183: transfer success address: 0x5dB37b3D56C707d1f9830FA9dc473Ef0dCb4D3E0 ,TxHash: 0xf0a7f6e1dc22dd71e806bf7bfeafc5de5c6bfe30e039dd679369149e66fd0202
2022/05/15 09:51:47 sql.go:220: update address: 0x5dB37b3D56C707d1f9830FA9dc473Ef0dCb4D3E0 cash
2022/05/15 19:11:50 timerService.go:12: timer cron start ...
2022/05/16 23:52:43 timerService.go:11: timer cron start ...
2022/05/16 23:54:52 timerService.go:11: timer cron start ...
2022/05/16 23:55:36 timerService.go:11: timer cron start ...
2022/05/17 00:06:11 timerService.go:11: timer cron start ...
2022/05/17 00:06:53 timerService.go:11: timer cron start ...
2022/05/17 00:07:23 fontService.go:193: verify pass ,begin transfer to 0x5dB37b3D56C707d1f9830FA9dc473Ef0dCb4D3E0 , 73899998
2022/05/17 00:07:32 ethService.go:180: transfer success address: 0x5dB37b3D56C707d1f9830FA9dc473Ef0dCb4D3E0 ,TxHash: 0xae982899f9d318bc87e502df7f6fdef2aae7bb710da77627d5198413e6622c8c
2022/05/17 00:07:32 sql.go:220: update address: 0x5dB37b3D56C707d1f9830FA9dc473Ef0dCb4D3E0 cash
2022/05/17 00:35:38 timerService.go:11: timer cron start ...
2022/05/17 03:00:09 sql.go:228: update everday todayamount...
2022/05/17 03:00:09 sql.go:27: change fundamount :0
2022/05/18 02:14:06 timerService.go:11: timer cron start ...
2022/05/18 02:17:58 timerService.go:11: timer cron start ...
2022/05/18 02:18:59 timerService.go:11: timer cron start ...
2022/05/18 02:19:25 timerService.go:11: timer cron start ...
2022/05/18 02:28:04 tHashRedis.go:26: write into redis fail :write tcp 192.168.1.2:53888->120.24.176.228:6379: use of closed network connection
2022/05/18 02:28:05 sql.go:153: crate order uid:10 amount:100.000000 trade:0xc37754b69f7cfed5c2348a89ff260e6aa77fa4ea6a8e94310783544b93b69308 type:1 by invest
2022/05/18 02:28:05 sql.go:187: update user address:0x5dB37b3D56C707d1f9830FA9dc473Ef0dCb4D3E0 payu:100.000000 getu:200.000000 token:10000000000 gettoken:20000000000 
2022/05/21 15:45:30 timerService.go:11: timer cron start ...
2022/05/21 15:45:52 ethService.go:93: get rate fail : Post "https://data-seed-prebsc-1-s1.binance.org:8545": dial tcp 108.160.165.8:8545: connectex: A connection attempt failed because the connected party did not properly respond after a period of time, or established connection failed because connected host has failed to respond.
2022/05/21 22:22:04 ethService.go:180: transfer success address: 0x611a3920B971861BF7e0eF5d58032aF5D474f66d ,TxHash: 0x8bbf4c0af5e7fe281a0d51bf9e813ee3194b43fe25f17d106781c751d590643e
2022/05/30 08:34:22 initSql.go:52: dial tcp 127.0.0.1:3306: connectex: No connection could be made because the target machine actively refused it.
2022/05/30 08:36:25 timerService.go:11: timer cron start ...
2022/05/30 08:37:43 timerService.go:11: timer cron start ...
2022/05/30 08:51:27 timerService.go:11: timer cron start ...
2022/05/30 09:02:52 timerService.go:11: timer cron start ...
2022/05/30 09:14:48 timerService.go:11: timer cron start ...
2022/05/30 09:17:07 sql.go:287: Error 1054: Unknown column 'u.today_u' in 'field list'
2022/05/30 09:17:07 sql.go:289: update everday todayamount...
2022/05/30 09:17:12 sql.go:77: Error 1054: Unknown column 'total' in 'field list'
2022/05/30 09:17:14 sql.go:77: Error 1054: Unknown column 'total' in 'field list'
2022/05/30 09:17:14 fontService.go:211: exec son todayamount fail
2022/05/30 09:17:22 sql.go:27: change fundamount :40410000000
2022/05/30 09:55:05 timerService.go:11: timer cron start ...
2022/05/30 10:00:22 sql.go:290: Error 1054: Unknown column 'u.today_u' in 'field list'
2022/05/30 10:00:22 sql.go:292: update everday todayamount...
2022/05/30 10:00:23 sql.go:77: Error 1054: Unknown column 'total' in 'field list'
2022/05/30 10:00:23 sql.go:77: Error 1054: Unknown column 'total' in 'field list'
2022/05/30 10:00:23 fontService.go:211: exec son todayamount fail
2022/05/30 10:00:24 sql.go:27: change fundamount :40410000000
2022/05/30 10:30:03 sql.go:290: Error 1054: Unknown column 'u.today_u' in 'field list'
2022/05/30 10:30:03 sql.go:292: update everday todayamount...
2022/05/30 10:30:03 sql.go:77: Error 1054: Unknown column 'total' in 'field list'
2022/05/30 10:30:04 sql.go:77: Error 1054: Unknown column 'total' in 'field list'
2022/05/30 10:30:04 fontService.go:211: exec son todayamount fail
2022/05/30 10:30:04 sql.go:27: change fundamount :40410000000
2022/05/30 11:00:21 ethService.go:93: get rate fail : Post "https://data-seed-prebsc-1-s1.binance.org:8545": dial tcp 108.160.170.26:8545: connectex: A connection attempt failed because the connected party did not properly respond after a period of time, or established connection failed because connected host has failed to respond.
2022/05/30 11:00:42 sql.go:290: Error 1054: Unknown column 'u.today_u' in 'field list'
2022/05/30 11:00:42 sql.go:292: update everday todayamount...
2022/05/30 11:00:42 sql.go:77: Error 1054: Unknown column 'total' in 'field list'
2022/05/30 11:00:42 sql.go:77: Error 1054: Unknown column 'total' in 'field list'
2022/05/30 11:00:42 fontService.go:211: exec son todayamount fail
2022/05/30 11:00:42 sql.go:27: change fundamount :0
2022/05/30 15:51:24 initSql.go:52: Error 1045: Access denied for user 'root'@'103.1.34.247' (using password: YES)
2022/05/30 15:52:03 initSql.go:52: Error 1045: Access denied for user 'root'@'103.1.34.247' (using password: YES)
2022/05/30 15:52:36 timerService.go:11: timer cron start ...
2022/05/30 15:54:23 timerService.go:11: timer cron start ...
2022/05/30 16:00:01 sql.go:290: Error 1054: Unknown column 'u.today_u' in 'field list'
2022/05/30 16:00:01 sql.go:292: update everday todayamount...
2022/05/30 16:00:02 sql.go:77: Error 1054: Unknown column 'total' in 'field list'
2022/05/30 16:00:02 sql.go:77: Error 1054: Unknown column 'total' in 'field list'
2022/05/30 16:00:02 fontService.go:210: exec son todayamount fail
2022/05/30 16:00:03 sql.go:27: change fundamount :0
2022/05/30 16:15:45 initSql.go:52: dial tcp 127.0.0.1:3306: connectex: No connection could be made because the target machine actively refused it.
2022/05/30 16:16:26 timerService.go:11: timer cron start ...
2022/05/30 16:20:01 sql.go:292: update everday todayamount...
2022/05/30 16:20:02 sql.go:27: change fundamount :0
2022/05/30 16:25:01 sql.go:292: update everday todayamount...
2022/05/30 16:25:02 sql.go:27: change fundamount :0
2022/05/30 16:30:01 sql.go:290: Error 1690: BIGINT UNSIGNED value is out of range in '(? * `mubs`.`u`.`fund`)'
2022/05/30 16:30:01 sql.go:292: update everday todayamount...
2022/05/30 16:30:02 sql.go:27: change fundamount :0
2022/05/30 16:35:03 sql.go:292: update everday todayamount...
2022/05/30 16:35:04 sql.go:27: change fundamount :0
2022/05/30 16:40:01 sql.go:292: update everday todayamount...
2022/05/30 16:40:02 sql.go:27: change fundamount :0
2022/05/30 16:45:01 sql.go:292: update everday todayamount...
2022/05/30 16:45:03 sql.go:27: change fundamount :0
2022/05/30 16:46:50 timerService.go:11: timer cron start ...
2022/05/30 16:50:02 sql.go:292: update everday todayamount...
2022/05/30 16:50:03 sql.go:27: change fundamount :0
2022/05/30 16:51:41 timerService.go:11: timer cron start ...
2022/05/30 16:51:42 sql.go:292: update everday todayamount...
2022/05/30 16:51:44 sql.go:27: change fundamount :0
2022/05/30 16:52:05 timerService.go:11: timer cron start ...
2022/05/30 16:52:27 timerService.go:11: timer cron start ...
2022/05/30 16:52:28 sql.go:292: update everday todayamount...
2022/05/30 16:52:30 sql.go:27: change fundamount :0
2022/06/01 17:59:45 timerService.go:11: timer cron start ...
2022/06/01 18:00:01 sql.go:295: update everday todayamount...
2022/06/01 18:00:02 sql.go:27: change fundamount :0
2022/06/01 18:00:28 timerService.go:11: timer cron start ...
2022/06/01 18:04:43 timerService.go:11: timer cron start ...
2022/06/01 18:10:02 timerService.go:11: timer cron start ...
2022/06/01 18:10:24 timerService.go:11: timer cron start ...
2022/06/01 18:12:02 timerService.go:11: timer cron start ...
2022/06/01 18:12:53 timerService.go:11: timer cron start ...
2022/06/01 18:13:48 timerService.go:11: timer cron start ...
2022/06/01 18:15:11 timerService.go:11: timer cron start ...
2022/06/01 18:15:58 timerService.go:11: timer cron start ...
2022/06/01 18:16:12 timerService.go:11: timer cron start ...
2022/06/01 18:17:10 timerService.go:11: timer cron start ...
2022/06/01 18:17:18 timerService.go:11: timer cron start ...
2022/06/01 18:18:26 timerService.go:11: timer cron start ...
2022/06/01 18:19:05 timerService.go:11: timer cron start ...
2022/06/02 13:24:30 initSql.go:52: dial tcp 127.0.0.1:3306: connectex: No connection could be made because the target machine actively refused it.
2022/06/02 13:25:28 timerService.go:11: timer cron start ...
2022/06/03 19:41:36 initSql.go:52: dial tcp 127.0.0.1:3306: connectex: No connection could be made because the target machine actively refused it.
2022/06/03 19:42:05 initSql.go:52: dial tcp 127.0.0.1:3306: connectex: No connection could be made because the target machine actively refused it.
2022/06/03 19:42:17 initSql.go:52: dial tcp 127.0.0.1:3306: connectex: No connection could be made because the target machine actively refused it.
2022/06/03 19:42:46 timerService.go:11: timer cron start ...
2022/06/03 19:43:40 timerService.go:12: timer cron start ...
2022/06/03 19:44:55 timerService.go:12: timer cron start ...
2022/06/03 19:45:25 timerService.go:12: timer cron start ...
2022/06/03 19:47:05 timerService.go:12: timer cron start ...
2022/06/03 20:03:12 sql.go:295: update everday todayamount...
2022/06/03 20:04:11 sql.go:27: change fundamount :0
2022/06/14 11:11:51 timerService.go:11: timer cron start ...
2022/06/14 11:12:21 ethService.go:97: get rate fail : Post "https://bsc-dataseed.binance.org/": dial tcp 108.160.162.109:443: connectex: A connection attempt failed because the connected party did not properly respond after a period of time, or established connection failed because connected host has failed to respond.
2022/06/14 11:12:43 sql.go:308: update everday todayamount...
2022/06/14 11:12:48 sql.go:40: change fundamount :0
2022/06/14 11:14:41 timerService.go:11: timer cron start ...
2022/06/14 11:16:21 ethService.go:97: get rate fail : Post "https://bsc-dataseed.binance.org/": dial tcp 108.160.162.109:443: connectex: A connection attempt failed because the connected party did not properly respond after a period of time, or established connection failed because connected host has failed to respond.
2022/06/14 11:16:43 sql.go:308: update everday todayamount...
2022/06/14 11:16:48 sql.go:40: change fundamount :435870010
2022/06/14 11:18:07 timerService.go:11: timer cron start ...
2022/06/14 11:20:21 ethService.go:97: get rate fail : Post "https://bsc-dataseed.binance.org/": dial tcp 199.59.148.8:443: connectex: A connection attempt failed because the connected party did not properly respond after a period of time, or established connection failed because connected host has failed to respond.
2022/06/14 11:20:43 sql.go:308: update everday todayamount...
2022/06/14 11:20:47 sql.go:40: change fundamount :435870010
2022/06/14 11:22:21 ethService.go:97: get rate fail : Post "https://bsc-dataseed.binance.org/": dial tcp 108.160.166.9:443: connectex: A connection attempt failed because the connected party did not properly respond after a period of time, or established connection failed because connected host has failed to respond.
2022/06/14 11:22:43 sql.go:308: update everday todayamount...
2022/06/14 11:22:47 sql.go:40: change fundamount :435870010
2022/06/14 11:24:21 ethService.go:97: get rate fail : Post "https://bsc-dataseed.binance.org/": dial tcp 31.13.106.4:443: connectex: A connection attempt failed because the connected party did not properly respond after a period of time, or established connection failed because connected host has failed to respond.
2022/06/14 11:24:43 sql.go:308: update everday todayamount...
2022/06/14 11:24:47 sql.go:40: change fundamount :435870010
2022/06/14 11:26:21 ethService.go:97: get rate fail : Post "https://bsc-dataseed.binance.org/": dial tcp 199.59.150.40:443: connectex: A connection attempt failed because the connected party did not properly respond after a period of time, or established connection failed because connected host has failed to respond.
2022/06/14 11:26:43 sql.go:308: update everday todayamount...
2022/06/14 11:26:47 sql.go:40: change fundamount :435870010
2022/06/14 11:28:21 ethService.go:97: get rate fail : Post "https://bsc-dataseed.binance.org/": dial tcp 199.59.150.40:443: connectex: A connection attempt failed because the connected party did not properly respond after a period of time, or established connection failed because connected host has failed to respond.
2022/06/14 11:28:43 sql.go:308: update everday todayamount...
2022/06/14 11:28:47 sql.go:40: change fundamount :435870010
2022/06/14 11:30:21 ethService.go:97: get rate fail : Post "https://bsc-dataseed.binance.org/": dial tcp 69.171.247.32:443: connectex: A connection attempt failed because the connected party did not properly respond after a period of time, or established connection failed because connected host has failed to respond.
2022/06/14 11:30:43 sql.go:308: update everday todayamount...
2022/06/14 11:30:47 sql.go:40: change fundamount :435870010
2022/06/14 11:32:21 ethService.go:97: get rate fail : Post "https://bsc-dataseed.binance.org/": dial tcp 31.13.85.53:443: connectex: A connection attempt failed because the connected party did not properly respond after a period of time, or established connection failed because connected host has failed to respond.
2022/06/14 11:32:43 sql.go:308: update everday todayamount...
2022/06/14 11:32:47 sql.go:40: change fundamount :435870010
2022/06/14 11:34:21 ethService.go:97: get rate fail : Post "https://bsc-dataseed.binance.org/": dial tcp 31.13.85.53:443: connectex: A connection attempt failed because the connected party did not properly respond after a period of time, or established connection failed because connected host has failed to respond.
2022/06/14 11:34:43 sql.go:308: update everday todayamount...
2022/06/14 11:34:47 sql.go:40: change fundamount :435870010
2022/06/14 11:36:21 ethService.go:97: get rate fail : Post "https://bsc-dataseed.binance.org/": dial tcp 74.86.118.24:443: connectex: A connection attempt failed because the connected party did not properly respond after a period of time, or established connection failed because connected host has failed to respond.
2022/06/14 11:36:43 sql.go:308: update everday todayamount...
2022/06/14 11:36:47 sql.go:40: change fundamount :435870010
2022/06/14 11:38:21 ethService.go:97: get rate fail : Post "https://bsc-dataseed.binance.org/": dial tcp 74.86.118.24:443: connectex: A connection attempt failed because the connected party did not properly respond after a period of time, or established connection failed because connected host has failed to respond.
2022/06/14 11:38:43 sql.go:308: update everday todayamount...
2022/06/14 11:38:47 sql.go:40: change fundamount :435870010
2022/06/14 11:40:21 ethService.go:97: get rate fail : Post "https://bsc-dataseed.binance.org/": dial tcp 74.86.118.24:443: connectex: A connection attempt failed because the connected party did not properly respond after a period of time, or established connection failed because connected host has failed to respond.
2022/06/14 11:40:43 sql.go:308: update everday todayamount...
2022/06/14 11:40:47 sql.go:40: change fundamount :435870010
2022/06/14 11:41:41 timerService.go:11: timer cron start ...
2022/06/14 11:42:21 ethService.go:97: get rate fail : Post "https://bsc-dataseed.binance.org/": dial tcp 108.160.167.148:443: connectex: A connection attempt failed because the connected party did not properly respond after a period of time, or established connection failed because connected host has failed to respond.
2022/06/14 11:42:43 sql.go:308: update everday todayamount...
2022/06/14 11:42:49 sql.go:40: change fundamount :435870010
2022/06/14 11:44:21 ethService.go:97: get rate fail : Post "https://bsc-dataseed.binance.org/": dial tcp 67.230.169.182:443: connectex: A connection attempt failed because the connected party did not properly respond after a period of time, or established connection failed because connected host has failed to respond.
2022/06/14 11:44:43 sql.go:308: update everday todayamount...
2022/06/14 11:44:49 sql.go:40: change fundamount :435870010
2022/06/14 11:46:21 ethService.go:97: get rate fail : Post "https://bsc-dataseed.binance.org/": dial tcp 67.230.169.182:443: connectex: A connection attempt failed because the connected party did not properly respond after a period of time, or established connection failed because connected host has failed to respond.
2022/06/14 11:46:43 sql.go:308: update everday todayamount...
2022/06/14 11:46:49 sql.go:40: change fundamount :435870010
2022/06/14 11:48:21 ethService.go:97: get rate fail : Post "https://bsc-dataseed.binance.org/": dial tcp 31.13.85.53:443: connectex: A connection attempt failed because the connected party did not properly respond after a period of time, or established connection failed because connected host has failed to respond.
2022/06/14 11:48:43 sql.go:308: update everday todayamount...
2022/06/14 11:48:49 sql.go:40: change fundamount :435870010
2022/06/14 11:50:21 ethService.go:97: get rate fail : Post "https://bsc-dataseed.binance.org/": dial tcp 31.13.85.53:443: connectex: A connection attempt failed because the connected party did not properly respond after a period of time, or established connection failed because connected host has failed to respond.
2022/06/14 11:50:43 sql.go:308: update everday todayamount...
2022/06/14 13:09:46 timerService.go:11: timer cron start ...
2022/06/14 13:16:31 tHashRedis.go:11: dont have this txhash ,pass YZJKsBigYE3lJdq2HEHutETiooOU07RB8MgI2SIz2+4RTKkbbiJyHx78oUnFN7adQMN
2022/06/14 13:16:53 bscHttp.go:85: txhash: YZJKsBigYE3lJdq2HEHutETiooOU07RB8MgI2SIz2+4RTKkbbiJyHx78oUnFN7adQMN ,bool: false
2022/06/14 13:16:53 sql.go:230: crate order uid:81 amount:100.000000 trade:YZJKsBigYE3lJdq2HEHutETiooOU07RB8MgI2SIz2+4RTKkbbiJyHx78oUnFN7adQMN type:1 by invest
2022/06/14 13:16:53 sql.go:264: update user address:0x80e66956949230Ad9F35434D0C91Fb98eee1088C payu:100.000000 getu:200.000000 token:10000000000 gettoken:20000000000 
2022/06/14 17:58:09 timerService.go:11: timer cron start ...
2022/06/14 18:00:21 ethService.go:97: get rate fail : Post "https://bsc-dataseed.binance.org/": dial tcp 199.59.148.20:443: connectex: A connection attempt failed because the connected party did not properly respond after a period of time, or established connection failed because connected host has failed to respond.
2022/06/14 18:00:43 sql.go:308: update everday todayamount...
2022/06/14 18:00:50 sql.go:40: change fundamount :435870010
2022/06/14 18:02:21 ethService.go:97: get rate fail : Post "https://bsc-dataseed.binance.org/": dial tcp 199.59.148.20:443: connectex: A connection attempt failed because the connected party did not properly respond after a period of time, or established connection failed because connected host has failed to respond.
2022/06/14 18:02:43 sql.go:308: update everday todayamount...
2022/06/14 18:02:50 sql.go:40: change fundamount :435870010
2022/06/14 18:04:21 ethService.go:97: get rate fail : Post "https://bsc-dataseed.binance.org/": dial tcp 103.230.123.190:443: connectex: A connection attempt failed because the connected party did not properly respond after a period of time, or established connection failed because connected host has failed to respond.
2022/06/14 18:04:43 sql.go:308: update everday todayamount...
2022/06/14 18:04:50 sql.go:40: change fundamount :435870010
2022/06/14 18:06:21 ethService.go:97: get rate fail : Post "https://bsc-dataseed.binance.org/": dial tcp 103.230.123.190:443: connectex: A connection attempt failed because the connected party did not properly respond after a period of time, or established connection failed because connected host has failed to respond.
2022/06/14 18:06:43 sql.go:308: update everday todayamount...
2022/06/14 18:06:51 sql.go:40: change fundamount :435870010
2022/06/14 18:08:21 ethService.go:97: get rate fail : Post "https://bsc-dataseed.binance.org/": dial tcp 199.16.158.12:443: connectex: A connection attempt failed because the connected party did not properly respond after a period of time, or established connection failed because connected host has failed to respond.
2022/06/14 18:08:43 sql.go:308: update everday todayamount...
2022/06/14 18:08:50 sql.go:40: change fundamount :435870010
2022/06/14 18:10:21 ethService.go:97: get rate fail : Post "https://bsc-dataseed.binance.org/": dial tcp 159.65.107.38:443: connectex: A connection attempt failed because the connected party did not properly respond after a period of time, or established connection failed because connected host has failed to respond.
2022/06/14 18:10:43 sql.go:308: update everday todayamount...
2022/06/14 18:10:50 sql.go:40: change fundamount :435870010
2022/06/16 23:51:51 timerService.go:11: timer cron start ...
2022/06/16 23:52:07 timerService.go:11: timer cron start ...
2022/06/16 23:53:58 timerService.go:11: timer cron start ...
2022/06/16 23:55:40 timerService.go:11: timer cron start ...
2022/06/19 15:45:28 timerService.go:11: timer cron start ...
2022/06/19 16:45:34 timerService.go:11: timer cron start ...
2022/06/19 16:46:01 timerService.go:11: timer cron start ...
2022/06/19 16:46:27 timerService.go:11: timer cron start ...
2022/06/19 16:47:12 timerService.go:11: timer cron start ...
2022/06/19 16:47:58 tHashRedis.go:11: dont have this txhash ,pass 0x96411e9d1a235a527249b23fc4d9ace870506f196328d9fd6e274ddbae935d43
2022/06/19 16:47:59 bscHttp.go:85: txhash: 0x96411e9d1a235a527249b23fc4d9ace870506f196328d9fd6e274ddbae935d43 ,bool: true
2022/06/19 16:49:01 tHashRedis.go:11: dont have this txhash ,pass 0x96411e9da235a527249b23fc4d9ace870506f196328d9fd6e274ddbae935d43
2022/06/19 16:49:02 bscHttp.go:85: txhash: 0x96411e9da235a527249b23fc4d9ace870506f196328d9fd6e274ddbae935d43 ,bool: false
2022/06/19 16:49:02 sql.go:242: crate order uid:124 amount:10.000000 trade:0x96411e9da235a527249b23fc4d9ace870506f196328d9fd6e274ddbae935d43 type:1 by invest
2022/06/19 16:49:02 sql.go:276: update user address:0x611a3920B971861BF7e0eF5d58032aF5D474f66d payu:10.000000 getu:50.000000 token:1000000000 gettoken:5000000000 
2022/06/19 16:49:02 sql.go:266: update address:0x611a3920B971861BF7e0eF5d58032aF5D474f66d use treasure
2022/06/21 15:49:27 timerService.go:11: timer cron start ...
2022/06/21 15:50:24 tHashRedis.go:11: dont have this txhash ,pass 0x96411e9d5a527249b23fc4d9ace870506f196328d9fd6e274ddbae935d43
2022/06/21 15:50:24 bscHttp.go:85: txhash: 0x96411e9d5a527249b23fc4d9ace870506f196328d9fd6e274ddbae935d43 ,bool: false
2022/06/21 15:50:25 sql.go:248: crate order uid:124 amount:10.000000 trade:0x96411e9d5a527249b23fc4d9ace870506f196328d9fd6e274ddbae935d43 type:1 by invest
2022/06/21 15:50:25 sql.go:282: update user address:0x611a3920B971861BF7e0eF5d58032aF5D474f66d payu:10.000000 getu:50.000000 token:1000000000 gettoken:5000000000 
2022/06/21 15:50:25 sql.go:272: update address:0x611a3920B971861BF7e0eF5d58032aF5D474f66d use treasure
2022/06/23 18:21:16 timerService.go:11: timer cron start ...
2022/06/23 18:21:33 tHashRedis.go:11: dont have this txhash ,pass 0xd41d529f7d074c9714258db3cbb9508a65c511d205fa2e5e9f7062b2509bebff
2022/06/23 18:21:34 bscHttp.go:85: txhash: 0xd41d529f7d074c9714258db3cbb9508a65c511d205fa2e5e9f7062b2509bebff ,bool: true
2022/06/23 18:21:35 sql.go:248: crate order uid:192 amount:500.000000 trade:0xd41d529f7d074c9714258db3cbb9508a65c511d205fa2e5e9f7062b2509bebff type:1 by invest
2022/06/23 18:21:35 sql.go:282: update user address:0x520ba34d8d959c4625afa328792bc59152c11d2d payu:500.000000 getu:1000.000000 token:49999998976 gettoken:99999997952 
